[2020-12-16 11:56:38.248] [main] [info] update#setState idle
[2020-12-16 11:57:08.251] [main] [info] update#setState checking for updates
[2020-12-16 11:57:08.974] [main] [info] update#setState idle
[2020-12-16 12:16:20.982] [main] [error] [storage state.vscdb] prepare(): Error: SQLITE_READONLY_DBMOVED: attempt to write a readonly database (INSERT INTO ItemTable VALUES (?,?)). Details: Keys: __$__targetStorageMarker Length: 1983
[2020-12-16 12:16:20.982] [main] [error] [storage state.vscdb] prepare(): Error: SQLITE_READONLY_DBMOVED: attempt to write a readonly database (DELETE FROM ItemTable WHERE key IN (?)). Details: Keys: osColorScheme
[2020-12-16 12:16:21.529] [main] [error] [storage state.vscdb] prepare(): Error: SQLITE_READONLY_DBMOVED: attempt to write a readonly database (INSERT INTO ItemTable VALUES (?,?)). Details: Keys: colorThemeData Length: 9368
[2020-12-16 12:16:25.513] [main] [error] [storage state.vscdb] prepare(): Error: SQLITE_READONLY_DBMOVED: attempt to write a readonly database (INSERT INTO ItemTable VALUES (?,?)). Details: Keys: sync.lastSyncTime Length: 13
[2020-12-16 12:16:45.005] [main] [error] [storage state.vscdb] prepare(): Error: SQLITE_READONLY_DBMOVED: attempt to write a readonly database (INSERT INTO ItemTable VALUES (?,?)). Details: Keys: __$__targetStorageMarker Length: 1938
[2020-12-16 12:16:45.006] [main] [error] [storage state.vscdb] prepare(): Error: SQLITE_READONLY_DBMOVED: attempt to write a readonly database (DELETE FROM ItemTable WHERE key IN (?,?,?)). Details: Keys: github-andyc58-usages, github-andyc58, userDataSyncAccountPreference
[2020-12-16 12:17:00.918] [main] [error] [storage state.vscdb] prepare(): Error: SQLITE_READONLY_DBMOVED: attempt to write a readonly database (INSERT INTO ItemTable VALUES (?,?)). Details: Keys: editorFontInfo Length: 899
[2020-12-16 12:17:04.350] [main] [error] [storage state.vscdb] prepare(): Error: SQLITE_READONLY_DBMOVED: attempt to write a readonly database (INSERT INTO ItemTable VALUES (?,?),(?,?)). Details: Keys: workbench.activity.placeholderViewlets, memento/notebookEditors Length: 2507
[2020-12-16 12:17:05.528] [main] [error] [storage state.vscdb] prepare(): Error: SQLITE_READONLY_DBMOVED: attempt to write a readonly database (INSERT INTO ItemTable VALUES (?,?),(?,?),(?,?),(?,?)). Details: Keys: memento/customEditors, workbench.activity.placeholderViewlets, workbench.panel.pinnedPanels, memento/notebookEditors Length: 3639
[2020-12-16 12:17:40.027] [main] [error] [storage state.vscdb] prepare(): Error: SQLITE_READONLY_DBMOVED: attempt to write a readonly database (INSERT INTO ItemTable VALUES (?,?)). Details: Keys: workbench.views.extensions.installed.empty Length: 1
[2020-12-16 12:17:57.713] [main] [error] [storage state.vscdb] prepare(): Error: SQLITE_READONLY_DBMOVED: attempt to write a readonly database (INSERT INTO ItemTable VALUES (?,?),(?,?),(?,?)). Details: Keys: memento/notebookEditors, memento/customEditors, workbench.activity.placeholderViewlets Length: 4127
[2020-12-16 12:18:05.335] [main] [error] [storage state.vscdb] prepare(): Error: SQLITE_READONLY_DBMOVED: attempt to write a readonly database (INSERT INTO ItemTable VALUES (?,?)). Details: Keys: colorThemeData Length: 30667
[2020-12-16 12:18:06.394] [main] [error] [storage state.vscdb] prepare(): Error: SQLITE_READONLY_DBMOVED: attempt to write a readonly database (INSERT INTO ItemTable VALUES (?,?)). Details: Keys: colorThemeData Length: 30718
[2020-12-16 12:18:24.366] [main] [error] [storage state.vscdb] prepare(): Error: SQLITE_READONLY_DBMOVED: attempt to write a readonly database (INSERT INTO ItemTable VALUES (?,?),(?,?)). Details: Keys: __$__targetStorageMarker, userDataSyncAccountPreference Length: 2008
[2020-12-16 12:18:25.190] [main] [error] [storage state.vscdb] prepare(): Error: SQLITE_READONLY_DBMOVED: attempt to write a readonly database (INSERT INTO ItemTable VALUES (?,?)). Details: Keys: sync.lastSyncTime Length: 13
[2020-12-16 12:18:26.806] [main] [error] [storage state.vscdb] prepare(): Error: SQLITE_READONLY_DBMOVED: attempt to write a readonly database (INSERT INTO ItemTable VALUES (?,?)). Details: Keys: sync.lastSyncTime Length: 13
[2020-12-16 12:18:52.349] [main] [error] [storage state.vscdb] prepare(): Error: SQLITE_READONLY_DBMOVED: attempt to write a readonly database (INSERT INTO ItemTable VALUES (?,?)). Details: Keys: workbench.activity.placeholderViewlets Length: 2815
[2020-12-16 12:19:29.104] [main] [error] [storage state.vscdb] prepare(): Error: SQLITE_READONLY_DBMOVED: attempt to write a readonly database (INSERT INTO ItemTable VALUES (?,?)). Details: Keys: sync.lastSyncTime Length: 13
[2020-12-16 12:19:35.756] [main] [error] [storage state.vscdb] prepare(): Error: SQLITE_READONLY_DBMOVED: attempt to write a readonly database (INSERT INTO ItemTable VALUES (?,?),(?,?),(?,?),(?,?)). Details: Keys: __$__targetStorageMarker, github-andyc58, GitHub-github, github-andyc58-usages Length: 2176
[2020-12-16 12:19:38.368] [main] [error] [storage state.vscdb] prepare(): Error: SQLITE_READONLY_DBMOVED: attempt to write a readonly database (INSERT INTO ItemTable VALUES (?,?)). Details: Keys: sync.lastSyncTime Length: 13
[2020-12-16 12:19:55.418] [main] [error] [storage state.vscdb] prepare(): Error: SQLITE_READONLY_DBMOVED: attempt to write a readonly database (INSERT INTO ItemTable VALUES (?,?)). Details: Keys: editorFontInfo Length: 455
[2020-12-16 12:19:56.608] [main] [error] [storage state.vscdb] prepare(): Error: SQLITE_READONLY_DBMOVED: attempt to write a readonly database (INSERT INTO ItemTable VALUES (?,?),(?,?)). Details: Keys: workbench.activity.placeholderViewlets, memento/notebookEditors Length: 2507
[2020-12-16 12:19:58.343] [main] [error] [storage state.vscdb] prepare(): Error: SQLITE_READONLY_DBMOVED: attempt to write a readonly database (INSERT INTO ItemTable VALUES (?,?),(?,?)). Details: Keys: memento/notebookEditors, workbench.activity.placeholderViewlets Length: 3510
[2020-12-16 12:20:56.128] [main] [error] [storage state.vscdb] prepare(): Error: SQLITE_READONLY_DBMOVED: attempt to write a readonly database (INSERT INTO ItemTable VALUES (?,?),(?,?)). Details: Keys: __$__targetStorageMarker, scm/input:Git:/Users/andycherney/Programming Length: 2070
[2020-12-16 12:20:58.749] [main] [error] [storage state.vscdb] prepare(): Error: SQLITE_READONLY_DBMOVED: attempt to write a readonly database (INSERT INTO ItemTable VALUES (?,?)). Details: Keys: sync.lastSyncTime Length: 13
