[2020-12-16 11:56:41.840] [sharedprocess] [info] main {"machineId":"3867db332f880fcee40b77637cd6a29acac1609a93ee9208f087c4632b5b8b88","windowId":2}
[2020-12-16 11:57:21.859] [sharedprocess] [info] Starting to clean up unused language packs.
[2020-12-16 12:04:53.723] [sharedprocess] [info] Installing extension: ms-python.python
[2020-12-16 12:04:53.729] [sharedprocess] [info] Downloaded extension: ms-python.python undefined
[2020-12-16 12:04:59.055] [sharedprocess] [info] Extracted extension to /Users/andycherney/.vscode/extensions/.ms-python.python-2020.12.424452561: ms-python.python
[2020-12-16 12:04:59.056] [sharedprocess] [info] Renamed to /Users/andycherney/.vscode/extensions/ms-python.python-2020.12.424452561
[2020-12-16 12:04:59.060] [sharedprocess] [info] Installation completed. ms-python.python
[2020-12-16 12:04:59.269] [sharedprocess] [info] Installing extension: ms-toolsai.jupyter
[2020-12-16 12:04:59.274] [sharedprocess] [info] Downloaded extension: ms-toolsai.jupyter undefined
[2020-12-16 12:05:00.691] [sharedprocess] [info] Extracted extension to /Users/andycherney/.vscode/extensions/.ms-toolsai.jupyter-2020.12.414227025: ms-toolsai.jupyter
[2020-12-16 12:05:00.692] [sharedprocess] [info] Renamed to /Users/andycherney/.vscode/extensions/ms-toolsai.jupyter-2020.12.414227025
[2020-12-16 12:05:00.697] [sharedprocess] [info] Installation completed. ms-toolsai.jupyter
[2020-12-16 12:05:00.722] [sharedprocess] [info] Extensions installed successfully: ms-toolsai.jupyter
[2020-12-16 12:05:00.729] [sharedprocess] [info] Extensions installed successfully: ms-python.python
[2020-12-16 12:05:12.630] [sharedprocess] [info] Installing extension: ikuyadeu.r
[2020-12-16 12:05:12.689] [sharedprocess] [info] Downloaded extension: ikuyadeu.r undefined
[2020-12-16 12:05:13.015] [sharedprocess] [info] Extracted extension to /Users/andycherney/.vscode/extensions/.ikuyadeu.r-1.6.2: ikuyadeu.r
[2020-12-16 12:05:13.016] [sharedprocess] [info] Renamed to /Users/andycherney/.vscode/extensions/ikuyadeu.r-1.6.2
[2020-12-16 12:05:13.018] [sharedprocess] [info] Installation completed. ikuyadeu.r
[2020-12-16 12:05:13.046] [sharedprocess] [info] Extensions installed successfully: ikuyadeu.r
[2020-12-16 12:05:21.975] [sharedprocess] [info] Installing extension: reditorsupport.r-lsp
[2020-12-16 12:05:22.046] [sharedprocess] [info] Downloaded extension: reditorsupport.r-lsp undefined
[2020-12-16 12:05:22.712] [sharedprocess] [info] Extracted extension to /Users/andycherney/.vscode/extensions/.reditorsupport.r-lsp-0.1.12: reditorsupport.r-lsp
[2020-12-16 12:05:22.713] [sharedprocess] [info] Renamed to /Users/andycherney/.vscode/extensions/reditorsupport.r-lsp-0.1.12
[2020-12-16 12:05:22.716] [sharedprocess] [info] Installation completed. reditorsupport.r-lsp
[2020-12-16 12:05:22.743] [sharedprocess] [info] Extensions installed successfully: reditorsupport.r-lsp
[2020-12-16 12:06:06.134] [sharedprocess] [info] Installing extension: enkia.tokyo-night
[2020-12-16 12:06:06.164] [sharedprocess] [info] Downloaded extension: enkia.tokyo-night undefined
[2020-12-16 12:06:06.226] [sharedprocess] [info] Extracted extension to /Users/andycherney/.vscode/extensions/.enkia.tokyo-night-0.6.7: enkia.tokyo-night
[2020-12-16 12:06:06.227] [sharedprocess] [info] Renamed to /Users/andycherney/.vscode/extensions/enkia.tokyo-night-0.6.7
[2020-12-16 12:06:06.230] [sharedprocess] [info] Installation completed. enkia.tokyo-night
[2020-12-16 12:06:06.256] [sharedprocess] [info] Extensions installed successfully: enkia.tokyo-night
[2020-12-16 12:17:45.075] [sharedprocess] [info] Installing extension: ms-python.python
[2020-12-16 12:17:46.821] [sharedprocess] [info] Downloaded extension: ms-python.python undefined
[2020-12-16 12:17:51.522] [sharedprocess] [info] Extracted extension to /Users/andycherney/.vscode/extensions/.ms-python.python-2020.12.424452561: ms-python.python
[2020-12-16 12:17:51.522] [sharedprocess] [info] Renamed to /Users/andycherney/.vscode/extensions/ms-python.python-2020.12.424452561
[2020-12-16 12:17:51.526] [sharedprocess] [info] Installation completed. ms-python.python
[2020-12-16 12:17:51.706] [sharedprocess] [info] Installing extension: ms-toolsai.jupyter
[2020-12-16 12:17:53.715] [sharedprocess] [info] Downloaded extension: ms-toolsai.jupyter undefined
[2020-12-16 12:17:54.591] [sharedprocess] [info] Installing extension: ikuyadeu.r
[2020-12-16 12:17:55.100] [sharedprocess] [info] Downloaded extension: ikuyadeu.r undefined
[2020-12-16 12:17:55.762] [sharedprocess] [info] Extracted extension to /Users/andycherney/.vscode/extensions/.ikuyadeu.r-1.6.2: ikuyadeu.r
[2020-12-16 12:17:55.762] [sharedprocess] [info] Renamed to /Users/andycherney/.vscode/extensions/ikuyadeu.r-1.6.2
[2020-12-16 12:17:55.766] [sharedprocess] [info] Installation completed. ikuyadeu.r
[2020-12-16 12:17:55.792] [sharedprocess] [info] Extensions installed successfully: ikuyadeu.r
[2020-12-16 12:17:57.241] [sharedprocess] [info] Extracted extension to /Users/andycherney/.vscode/extensions/.ms-toolsai.jupyter-2020.12.414227025: ms-toolsai.jupyter
[2020-12-16 12:17:57.244] [sharedprocess] [info] Renamed to /Users/andycherney/.vscode/extensions/ms-toolsai.jupyter-2020.12.414227025
[2020-12-16 12:17:57.252] [sharedprocess] [info] Installation completed. ms-toolsai.jupyter
[2020-12-16 12:17:57.280] [sharedprocess] [info] Extensions installed successfully: ms-toolsai.jupyter
[2020-12-16 12:17:57.281] [sharedprocess] [info] Extensions installed successfully: ms-python.python
[2020-12-16 12:17:57.814] [sharedprocess] [info] Installing extension: reditorsupport.r-lsp
[2020-12-16 12:17:58.117] [sharedprocess] [info] Downloaded extension: reditorsupport.r-lsp undefined
[2020-12-16 12:17:58.742] [sharedprocess] [info] Extracted extension to /Users/andycherney/.vscode/extensions/.reditorsupport.r-lsp-0.1.12: reditorsupport.r-lsp
[2020-12-16 12:17:58.742] [sharedprocess] [info] Renamed to /Users/andycherney/.vscode/extensions/reditorsupport.r-lsp-0.1.12
[2020-12-16 12:17:58.744] [sharedprocess] [info] Installation completed. reditorsupport.r-lsp
[2020-12-16 12:17:58.774] [sharedprocess] [info] Extensions installed successfully: reditorsupport.r-lsp
[2020-12-16 12:18:04.312] [sharedprocess] [info] Installing extension: enkia.tokyo-night
[2020-12-16 12:18:04.597] [sharedprocess] [info] Downloaded extension: enkia.tokyo-night undefined
[2020-12-16 12:18:04.654] [sharedprocess] [info] Extracted extension to /Users/andycherney/.vscode/extensions/.enkia.tokyo-night-0.6.7: enkia.tokyo-night
[2020-12-16 12:18:04.661] [sharedprocess] [info] Renamed to /Users/andycherney/.vscode/extensions/enkia.tokyo-night-0.6.7
[2020-12-16 12:18:04.672] [sharedprocess] [info] Installation completed. enkia.tokyo-night
[2020-12-16 12:18:04.696] [sharedprocess] [info] Extensions installed successfully: enkia.tokyo-night
