2020-10-27T19:13:17.314Z - info: [ui] [AppStore] loading 0 repositories from store
2020-10-27T19:13:18.320Z - info: [ui] Opt in reported.
2020-10-27T19:13:18.400Z - info: [ui] [Welcome] no sign in step found. ignoring...
2020-10-27T19:13:18.460Z - info: [ui] [Welcome] no sign in step found. ignoring...
2020-10-27T19:13:19.505Z - info: [ui] launching: 2.5.6 (Mac OS 10.15.7)
2020-10-27T19:13:19.514Z - info: [ui] execPath: '/Applications/GitHub Desktop.app/Contents/Frameworks/GitHub Desktop Helper (Renderer).app/Contents/MacOS/GitHub Desktop Helper (Renderer)'
2020-10-27T19:13:19.531Z - info: [ui] [Welcome] no sign in step found. ignoring...
2020-10-27T19:13:19.617Z - info: [ui] [Welcome] no sign in step found. ignoring...
2020-10-27T19:13:20.416Z - info: [ui] [Welcome] advancing to step: SignInToDotComWithBrowser
2020-10-27T19:13:20.418Z - info: [ui] [SignInStore] initializing OAuth flow
2020-10-27T19:13:20.420Z - info: [main] opening in browser: https://github.com/login/oauth/authorize?client_id=de0e3c7e9973e1c4dd77&scope=repo%20user%20workflow&state=2c9e9f5f-44ae-45a4-b358-46a6f29a9605
2020-10-27T19:13:20.429Z - info: [ui] [Welcome] current sign in state not found. ignoring...
2020-10-27T19:13:20.479Z - info: [ui] [Welcome] kind Authentication is the same as Authentication. ignoring...
2020-10-27T19:13:20.707Z - info: [ui] [Welcome] kind Authentication is the same as Authentication. ignoring...
2020-10-27T19:13:20.731Z - info: [ui] [Welcome] kind Authentication is the same as Authentication. ignoring...
2020-10-27T19:13:25.943Z - info: [main] Processing protocol url
2020-10-27T19:13:25.958Z - info: [ui] [Dispatcher] requesting authenticated user
2020-10-27T19:13:25.963Z - info: [ui] [Welcome] kind Authentication is the same as Authentication. ignoring...
2020-10-27T19:13:25.989Z - info: [ui] [Welcome] kind Authentication is the same as Authentication. ignoring...
2020-10-27T19:13:26.399Z - info: [ui] [SignInStore] account resolved
2020-10-27T19:13:26.399Z - info: [ui] [AppStore] adding account andyc58 (andyc58) to store
2020-10-27T19:13:26.411Z - info: [ui] [Welcome] advancing to step: ConfigureGit
2020-10-27T19:13:26.470Z - info: [ui] [Welcome] no sign in step found. ignoring...
2020-10-27T19:13:26.527Z - info: [ui] [Welcome] no sign in step found. ignoring...
2020-10-27T19:13:26.627Z - info: [ui] [Welcome] no sign in step found. ignoring...
2020-10-27T19:13:30.911Z - info: [ui] [Welcome] advancing to step: UsageOptOut
2020-10-27T19:13:32.569Z - info: [ui] Opt in reported.
2020-10-27T19:13:32.573Z - info: [ui] [Welcome] no sign in step found. ignoring...
2020-10-27T19:13:48.023Z - info: [ui] Executing tutorial:push: git push -u origin master (took 3.894s)
2020-10-27T19:13:48.037Z - info: [ui] [AppStore] adding tutorial repository at /Users/andycherney/Documents/GitHub/desktop-tutorial to store
2020-10-27T19:13:48.486Z - info: [ui] Current tutorial step is now CreateBranch
2020-10-27T19:14:30.243Z - info: [ui] [RepositoryIndicatorUpdater]: Refreshing sidebar indicators for 1 repositories took 0.0s of which 0.0s paused, total 0.0s
2020-10-27T19:16:26.823Z - info: [ui] [AppStore.withAuthenticatingUser] account found for repository: desktop-tutorial - andyc58 (has token)
2020-10-27T19:16:27.060Z - info: [ui] [Timing] Action 'create branch' for 'andyc58/desktop-tutorial' took 0.272s
2020-10-27T19:16:35.150Z - info: [ui] [AppStore.withAuthenticatingUser] account found for repository: desktop-tutorial - andyc58 (has token)
2020-10-27T19:16:35.421Z - info: [ui] [Timing] Action 'checkout branch from list' for 'andyc58/desktop-tutorial' took 0.250s
2020-10-27T19:16:40.315Z - info: [ui] [AppStore.withAuthenticatingUser] account found for repository: desktop-tutorial - andyc58 (has token)
2020-10-27T19:16:40.556Z - info: [ui] [Timing] Action 'checkout branch from list' for 'andyc58/desktop-tutorial' took 0.234s
2020-10-27T19:16:42.089Z - info: [ui] [AppStore.withAuthenticatingUser] account found for repository: desktop-tutorial - andyc58 (has token)
2020-10-27T19:16:45.352Z - info: [ui] Executing push: git -c credential.helper= -c protocol.version=2 push origin Project --set-upstream --progress (took 3.213s)
