User belongs to experiment group 'ShowPlayIcon - start'
User belongs to experiment group 'DebugAdapterFactory - experiment'
User belongs to experiment group 'PtvsdWheels37 - experiment'
User belongs to experiment group 'UseTerminalToGetActivatedEnvVars - control'
User belongs to experiment group 'LocalZMQKernel - experiment'
User belongs to experiment group 'CollectLSRequestTiming - control'
User belongs to experiment group 'CollectNodeLSRequestTiming - experiment'
User belongs to experiment group 'EnableIPyWidgets - experiment'
User belongs to experiment group 'RunByLine - experiment'
User belongs to experiment group 'CustomEditorSupport - control'
User belongs to experiment group 'pythonaacf'
User belongs to experiment group 'pythonSendEntireLineToREPLcf'
> conda --version
> conda info --json
> pyenv root
> python3.7 ~/.vscode/extensions/ms-python.python-2020.12.424452561/pythonFiles/pyvsc-run-isolated.py -c "import sys;print(sys.executable)"
> python3.6 ~/.vscode/extensions/ms-python.python-2020.12.424452561/pythonFiles/pyvsc-run-isolated.py -c "import sys;print(sys.executable)"
> python2 ~/.vscode/extensions/ms-python.python-2020.12.424452561/pythonFiles/pyvsc-run-isolated.py -c "import sys;print(sys.executable)"
> python3 ~/.vscode/extensions/ms-python.python-2020.12.424452561/pythonFiles/pyvsc-run-isolated.py -c "import sys;print(sys.executable)"
> python ~/.vscode/extensions/ms-python.python-2020.12.424452561/pythonFiles/pyvsc-run-isolated.py -c "import sys;print(sys.executable)"
> /Library/Frameworks/Python.framework/Versions/3.8/bin/python3 ~/.vscode/extensions/ms-python.python-2020.12.424452561/pythonFiles/pyvsc-run-isolated.py -c "import sys;print(sys.executable)"
Python interpreter path: /Library/Frameworks/Python.framework/Versions/3.8/bin/python3
Starting Jedi Python language engine.
> /Library/Frameworks/Python.framework/Versions/3.8/bin/python3 ~/.vscode/extensions/ms-python.python-2020.12.424452561/pythonFiles/pyvsc-run-isolated.py -c "import sys;print(sys.prefix)"
cwd: ~/Documents/Programming
> /Library/Frameworks/Python.framework/Versions/3.8/bin/python3 ~/.vscode/extensions/ms-python.python-2020.12.424452561/pythonFiles/pyvsc-run-isolated.py -c "import sys;print(sys.prefix)"
cwd: ~/Documents/Programming
> /Library/Frameworks/Python.framework/Versions/3.8/bin/python3 ~/.vscode/extensions/ms-python.python-2020.12.424452561/pythonFiles/pyvsc-run-isolated.py -c "import sys;print(sys.executable)"
cwd: ~/Documents/Programming
> /Library/Frameworks/Python.framework/Versions/3.8/bin/python3 ~/.vscode/extensions/ms-python.python-2020.12.424452561/pythonFiles/pyvsc-run-isolated.py -c "import sys;print(sys.executable)"
cwd: ~/Documents/Programming
> /Library/Frameworks/Python.framework/Versions/3.8/bin/python3 ~/.vscode/extensions/ms-python.python-2020.12.424452561/pythonFiles/pyvsc-run-isolated.py -c "from distutils.sysconfig import get_python_lib; print(get_python_lib())"
cwd: ~/Documents/Programming
> /Library/Frameworks/Python.framework/Versions/3.8/bin/python3 ~/.vscode/extensions/ms-python.python-2020.12.424452561/pythonFiles/pyvsc-run-isolated.py -c "from distutils.sysconfig import get_python_lib; print(get_python_lib())"
cwd: ~/Documents/Programming
> /Library/Frameworks/Python.framework/Versions/3.8/bin/python3 ~/.vscode/extensions/ms-python.python-2020.12.424452561/pythonFiles/pyvsc-run-isolated.py site --user-site
cwd: ~/Documents/Programming
> /Library/Frameworks/Python.framework/Versions/3.8/bin/python3 ~/.vscode/extensions/ms-python.python-2020.12.424452561/pythonFiles/pyvsc-run-isolated.py site --user-site
cwd: ~/Documents/Programming
> conda --version
> /Library/Frameworks/Python.framework/Versions/3.8/bin/python3 ~/.vscode/extensions/ms-python.python-2020.12.424452561/pythonFiles/pyvsc-run-isolated.py ~/.vscode/extensions/ms-python.python-2020.12.424452561/pythonFiles/completion.py
> /Library/Frameworks/Python.framework/Versions/3.8/bin/python3 ~/.vscode/extensions/ms-python.python-2020.12.424452561/pythonFiles/pyvsc-run-isolated.py ~/.vscode/extensions/ms-python.python-2020.12.424452561/pythonFiles/completion.py
> /Library/Frameworks/Python.framework/Versions/3.8/bin/python3 ~/.vscode/extensions/ms-python.python-2020.12.424452561/pythonFiles/pyvsc-run-isolated.py mypy --ignore-missing-imports --follow-imports=silent --show-column-numbers "Incompatible types in assignment (expression has type "float", variable has type "int")" "~/Documents/Programming/Rock Paper Scissors Lizard Spock.py"
cwd: ~/Documents/Programming
> /Library/Frameworks/Python.framework/Versions/3.8/bin/python3 ~/.vscode/extensions/ms-python.python-2020.12.424452561/pythonFiles/pyvsc-run-isolated.py mypy --ignore-missing-imports --follow-imports=silent --show-column-numbers "Incompatible types in assignment (expression has type "float", variable has type "int")" "~/Documents/Programming/Rock Paper Scissors Lizard Spock.py"
cwd: ~/Documents/Programming
Error 2020-12-16 12:06:22: stderr jediProxy Error (stderr) /Users/andycherney/.vscode/extensions/ms-python.python-2020.12.424452561/pythonFiles/completion.py:592: DeprecationWarning: Providing the line is now done in the functions themselves like `Script(...).complete(line, column)`
  script = jedi.Script(
/Users/andycherney/.vscode/extensions/ms-python.python-2020.12.424452561/pythonFiles/completion.py:592: DeprecationWarning: Providing the column is now done in the functions themselves like `Script(...).complete(line, column)`
  script = jedi.Script(

Error 2020-12-16 12:06:22: stderr jediProxy Error (stderr) /Users/andycherney/.vscode/extensions/ms-python.python-2020.12.424452561/pythonFiles/completion.py:592: DeprecationWarning: Deprecated since version 0.17.0. Use the project API instead, which means Script(project=Project(dir, sys_path=sys_path)) instead.
  script = jedi.Script(

Error 2020-12-16 12:06:23: stderr jediProxy Error (stderr) /Users/andycherney/.vscode/extensions/ms-python.python-2020.12.424452561/pythonFiles/completion.py:626: DeprecationWarning: Deprecated since version 0.16.0. Use Script(...).infer instead.
  script.goto_definitions(), request["id"]

##########Linting Output - mypy##########
Error 2020-12-16 12:06:24: stderr jediProxy Error (stderr) /Users/andycherney/.vscode/extensions/ms-python.python-2020.12.424452561/pythonFiles/completion.py:584: DeprecationWarning: Deprecated since version 0.16.0. Use Script(...).get_names instead.
  jedi.api.names(

Error 2020-12-16 12:06:54: stderr jediProxy Error (stderr) /Users/andycherney/.vscode/extensions/ms-python.python-2020.12.424452561/pythonFiles/completion.py:592: DeprecationWarning: Providing the line is now done in the functions themselves like `Script(...).complete(line, column)`
  script = jedi.Script(
/Users/andycherney/.vscode/extensions/ms-python.python-2020.12.424452561/pythonFiles/completion.py:592: DeprecationWarning: Providing the column is now done in the functions themselves like `Script(...).complete(line, column)`
  script = jedi.Script(

Error 2020-12-16 12:06:54: stderr jediProxy Error (stderr) /Users/andycherney/.vscode/extensions/ms-python.python-2020.12.424452561/pythonFiles/completion.py:592: DeprecationWarning: Deprecated since version 0.17.0. Use the project API instead, which means Script(project=Project(dir, sys_path=sys_path)) instead.
  script = jedi.Script(

Error 2020-12-16 12:06:54: stderr jediProxy Error (stderr) /Users/andycherney/.vscode/extensions/ms-python.python-2020.12.424452561/pythonFiles/completion.py:626: DeprecationWarning: Deprecated since version 0.16.0. Use Script(...).infer instead.
  script.goto_definitions(), request["id"]

> python ~/.vscode/extensions/ms-python.python-2020.12.424452561/pythonFiles/pyvsc-run-isolated.py -c "import sys;print(sys.executable)"
> python ~/.vscode/extensions/ms-python.python-2020.12.424452561/pythonFiles/pyvsc-run-isolated.py -c "import sys;print(sys.executable)"
> python ~/.vscode/extensions/ms-python.python-2020.12.424452561/pythonFiles/pyvsc-run-isolated.py -c "import sys;print(sys.executable)"
> python ~/.vscode/extensions/ms-python.python-2020.12.424452561/pythonFiles/pyvsc-run-isolated.py -c "import sys;print(sys.executable)"
> python ~/.vscode/extensions/ms-python.python-2020.12.424452561/pythonFiles/pyvsc-run-isolated.py -c "import sys;print(sys.executable)"
> python ~/.vscode/extensions/ms-python.python-2020.12.424452561/pythonFiles/pyvsc-run-isolated.py -c "import sys;print(sys.executable)"
> python ~/.vscode/extensions/ms-python.python-2020.12.424452561/pythonFiles/pyvsc-run-isolated.py -c "import sys;print(sys.executable)"
> python ~/.vscode/extensions/ms-python.python-2020.12.424452561/pythonFiles/pyvsc-run-isolated.py -c "import sys;print(sys.executable)"
Starting Jedi Python language engine.
> python ~/.vscode/extensions/ms-python.python-2020.12.424452561/pythonFiles/pyvsc-run-isolated.py -c "import sys;print(sys.executable)"
> python ~/.vscode/extensions/ms-python.python-2020.12.424452561/pythonFiles/pyvsc-run-isolated.py -c "import sys;print(sys.executable)"
> python ~/.vscode/extensions/ms-python.python-2020.12.424452561/pythonFiles/pyvsc-run-isolated.py -c "import sys;print(sys.executable)"
> python ~/.vscode/extensions/ms-python.python-2020.12.424452561/pythonFiles/pyvsc-run-isolated.py -c "import sys;print(sys.executable)"
